[2025-09-05 06:25:30] local.ERROR: The C:\Users\dhg04\Desktop\Hetvi\Websites\AFSWD Assignemnets\318\backend\bootstrap\cache directory must be present and writable. {"exception":"[object] (Exception(code: 0): The C:\\Users\\dhg04\\Desktop\\Hetvi\\Websites\\AFSWD Assignemnets\\318\\backend\\bootstrap\\cache directory must be present and writable. at C:\\Users\\dhg04\\Desktop\\Hetvi\\Websites\\AFSWD Assignemnets\\318\\backend\\vendor\\laravel\\framework\\src\\Illuminate\\Foundation\\PackageManifest.php:179)
[stacktrace]
#0 C:\\Users\\dhg04\\Desktop\\Hetvi\\Websites\\AFSWD Assignemnets\\318\\backend\\vendor\\laravel\\framework\\src\\Illuminate\\Foundation\\PackageManifest.php(132): Illuminate\\Foundation\\PackageManifest->write()
#1 C:\\Users\\dhg04\\Desktop\\Hetvi\\Websites\\AFSWD Assignemnets\\318\\backend\\vendor\\laravel\\framework\\src\\Illuminate\\Foundation\\PackageManifest.php(108): Illuminate\\Foundation\\PackageManifest->build()
#2 C:\\Users\\dhg04\\Desktop\\Hetvi\\Websites\\AFSWD Assignemnets\\318\\backend\\vendor\\laravel\\framework\\src\\Illuminate\\Foundation\\PackageManifest.php(91): Illuminate\\Foundation\\PackageManifest->getManifest()
#3 C:\\Users\\dhg04\\Desktop\\Hetvi\\Websites\\AFSWD Assignemnets\\318\\backend\\vendor\\laravel\\framework\\src\\Illuminate\\Foundation\\PackageManifest.php(80): Illuminate\\Foundation\\PackageManifest->config()
#4 C:\\Users\\dhg04\\Desktop\\Hetvi\\Websites\\AFSWD Assignemnets\\318\\backend\\vendor\\laravel\\framework\\src\\Illuminate\\Foundation\\Bootstrap\\RegisterFacades.php(26): Illuminate\\Foundation\\PackageManifest->aliases()
#5 C:\\Users\\dhg04\\Desktop\\Hetvi\\Websites\\AFSWD Assignemnets\\318\\backend\\vendor\\laravel\\framework\\src\\Illuminate\\Foundation\\Application.php(342): Illuminate\\Foundation\\Bootstrap\\RegisterFacades->bootstrap()
#6 C:\\Users\\dhg04\\Desktop\\Hetvi\\Websites\\AFSWD Assignemnets\\318\\backend\\vendor\\laravel\\framework\\src\\Illuminate\\Foundation\\Console\\Kernel.php(474): Illuminate\\Foundation\\Application->bootstrapWith()
#7 C:\\Users\\dhg04\\Desktop\\Hetvi\\Websites\\AFSWD Assignemnets\\318\\backend\\vendor\\laravel\\framework\\src\\Illuminate\\Foundation\\Console\\Kernel.php(196): Illuminate\\Foundation\\Console\\Kernel->bootstrap()
#8 C:\\Users\\dhg04\\Desktop\\Hetvi\\Websites\\AFSWD Assignemnets\\318\\backend\\artisan(35): Illuminate\\Foundation\\Console\\Kernel->handle()
#9 {main}
"} 
[2025-09-05 06:36:51] local.ERROR: The provided cwd "C:\Users\dhg04\Desktop\Hetvi\Websites\AFSWD Assignemnets\318\backend\public" does not exist. {"exception":"[object] (Symfony\\Component\\Process\\Exception\\RuntimeException(code: 0): The provided cwd \"C:\\Users\\dhg04\\Desktop\\Hetvi\\Websites\\AFSWD Assignemnets\\318\\backend\\public\" does not exist. at C:\\Users\\dhg04\\Desktop\\Hetvi\\Websites\\AFSWD Assignemnets\\318\\backend\\vendor\\symfony\\process\\Process.php:341)
[stacktrace]
#0 C:\\Users\\dhg04\\Desktop\\Hetvi\\Websites\\AFSWD Assignemnets\\318\\backend\\vendor\\laravel\\framework\\src\\Illuminate\\Foundation\\Console\\ServeCommand.php(190): Symfony\\Component\\Process\\Process->start()
#1 C:\\Users\\dhg04\\Desktop\\Hetvi\\Websites\\AFSWD Assignemnets\\318\\backend\\vendor\\laravel\\framework\\src\\Illuminate\\Foundation\\Console\\ServeCommand.php(129): Illuminate\\Foundation\\Console\\ServeCommand->startProcess()
#2 C:\\Users\\dhg04\\Desktop\\Hetvi\\Websites\\AFSWD Assignemnets\\318\\backend\\vendor\\laravel\\framework\\src\\Illuminate\\Container\\BoundMethod.php(36): Illuminate\\Foundation\\Console\\ServeCommand->handle()
#3 C:\\Users\\dhg04\\Desktop\\Hetvi\\Websites\\AFSWD Assignemnets\\318\\backend\\vendor\\laravel\\framework\\src\\Illuminate\\Container\\Util.php(43): Illuminate\\Container\\BoundMethod::Illuminate\\Container\\{closure}()
#4 C:\\Users\\dhg04\\Desktop\\Hetvi\\Websites\\AFSWD Assignemnets\\318\\backend\\vendor\\laravel\\framework\\src\\Illuminate\\Container\\BoundMethod.php(95): Illuminate\\Container\\Util::unwrapIfClosure()
#5 C:\\Users\\dhg04\\Desktop\\Hetvi\\Websites\\AFSWD Assignemnets\\318\\backend\\vendor\\laravel\\framework\\src\\Illuminate\\Container\\BoundMethod.php(35): Illuminate\\Container\\BoundMethod::callBoundMethod()
#6 C:\\Users\\dhg04\\Desktop\\Hetvi\\Websites\\AFSWD Assignemnets\\318\\backend\\vendor\\laravel\\framework\\src\\Illuminate\\Container\\Container.php(696): Illuminate\\Container\\BoundMethod::call()
#7 C:\\Users\\dhg04\\Desktop\\Hetvi\\Websites\\AFSWD Assignemnets\\318\\backend\\vendor\\laravel\\framework\\src\\Illuminate\\Console\\Command.php(213): Illuminate\\Container\\Container->call()
#8 C:\\Users\\dhg04\\Desktop\\Hetvi\\Websites\\AFSWD Assignemnets\\318\\backend\\vendor\\symfony\\console\\Command\\Command.php(318): Illuminate\\Console\\Command->execute()
#9 C:\\Users\\dhg04\\Desktop\\Hetvi\\Websites\\AFSWD Assignemnets\\318\\backend\\vendor\\laravel\\framework\\src\\Illuminate\\Console\\Command.php(182): Symfony\\Component\\Console\\Command\\Command->run()
#10 C:\\Users\\dhg04\\Desktop\\Hetvi\\Websites\\AFSWD Assignemnets\\318\\backend\\vendor\\symfony\\console\\Application.php(1110): Illuminate\\Console\\Command->run()
#11 C:\\Users\\dhg04\\Desktop\\Hetvi\\Websites\\AFSWD Assignemnets\\318\\backend\\vendor\\symfony\\console\\Application.php(359): Symfony\\Component\\Console\\Application->doRunCommand()
#12 C:\\Users\\dhg04\\Desktop\\Hetvi\\Websites\\AFSWD Assignemnets\\318\\backend\\vendor\\symfony\\console\\Application.php(194): Symfony\\Component\\Console\\Application->doRun()
#13 C:\\Users\\dhg04\\Desktop\\Hetvi\\Websites\\AFSWD Assignemnets\\318\\backend\\vendor\\laravel\\framework\\src\\Illuminate\\Foundation\\Console\\Kernel.php(198): Symfony\\Component\\Console\\Application->run()
#14 C:\\Users\\dhg04\\Desktop\\Hetvi\\Websites\\AFSWD Assignemnets\\318\\backend\\artisan(35): Illuminate\\Foundation\\Console\\Kernel->handle()
#15 {main}
"} 
[2025-09-05 06:39:50] local.ERROR: The provided cwd "C:\Users\dhg04\Desktop\Hetvi\Websites\AFSWD Assignemnets\318\backend\public" does not exist. {"exception":"[object] (Symfony\\Component\\Process\\Exception\\RuntimeException(code: 0): The provided cwd \"C:\\Users\\dhg04\\Desktop\\Hetvi\\Websites\\AFSWD Assignemnets\\318\\backend\\public\" does not exist. at C:\\Users\\dhg04\\Desktop\\Hetvi\\Websites\\AFSWD Assignemnets\\318\\backend\\vendor\\symfony\\process\\Process.php:341)
[stacktrace]
#0 C:\\Users\\dhg04\\Desktop\\Hetvi\\Websites\\AFSWD Assignemnets\\318\\backend\\vendor\\laravel\\framework\\src\\Illuminate\\Foundation\\Console\\ServeCommand.php(190): Symfony\\Component\\Process\\Process->start()
#1 C:\\Users\\dhg04\\Desktop\\Hetvi\\Websites\\AFSWD Assignemnets\\318\\backend\\vendor\\laravel\\framework\\src\\Illuminate\\Foundation\\Console\\ServeCommand.php(129): Illuminate\\Foundation\\Console\\ServeCommand->startProcess()
#2 C:\\Users\\dhg04\\Desktop\\Hetvi\\Websites\\AFSWD Assignemnets\\318\\backend\\vendor\\laravel\\framework\\src\\Illuminate\\Container\\BoundMethod.php(36): Illuminate\\Foundation\\Console\\ServeCommand->handle()
#3 C:\\Users\\dhg04\\Desktop\\Hetvi\\Websites\\AFSWD Assignemnets\\318\\backend\\vendor\\laravel\\framework\\src\\Illuminate\\Container\\Util.php(43): Illuminate\\Container\\BoundMethod::Illuminate\\Container\\{closure}()
#4 C:\\Users\\dhg04\\Desktop\\Hetvi\\Websites\\AFSWD Assignemnets\\318\\backend\\vendor\\laravel\\framework\\src\\Illuminate\\Container\\BoundMethod.php(95): Illuminate\\Container\\Util::unwrapIfClosure()
#5 C:\\Users\\dhg04\\Desktop\\Hetvi\\Websites\\AFSWD Assignemnets\\318\\backend\\vendor\\laravel\\framework\\src\\Illuminate\\Container\\BoundMethod.php(35): Illuminate\\Container\\BoundMethod::callBoundMethod()
#6 C:\\Users\\dhg04\\Desktop\\Hetvi\\Websites\\AFSWD Assignemnets\\318\\backend\\vendor\\laravel\\framework\\src\\Illuminate\\Container\\Container.php(696): Illuminate\\Container\\BoundMethod::call()
#7 C:\\Users\\dhg04\\Desktop\\Hetvi\\Websites\\AFSWD Assignemnets\\318\\backend\\vendor\\laravel\\framework\\src\\Illuminate\\Console\\Command.php(213): Illuminate\\Container\\Container->call()
#8 C:\\Users\\dhg04\\Desktop\\Hetvi\\Websites\\AFSWD Assignemnets\\318\\backend\\vendor\\symfony\\console\\Command\\Command.php(318): Illuminate\\Console\\Command->execute()
#9 C:\\Users\\dhg04\\Desktop\\Hetvi\\Websites\\AFSWD Assignemnets\\318\\backend\\vendor\\laravel\\framework\\src\\Illuminate\\Console\\Command.php(182): Symfony\\Component\\Console\\Command\\Command->run()
#10 C:\\Users\\dhg04\\Desktop\\Hetvi\\Websites\\AFSWD Assignemnets\\318\\backend\\vendor\\symfony\\console\\Application.php(1110): Illuminate\\Console\\Command->run()
#11 C:\\Users\\dhg04\\Desktop\\Hetvi\\Websites\\AFSWD Assignemnets\\318\\backend\\vendor\\symfony\\console\\Application.php(359): Symfony\\Component\\Console\\Application->doRunCommand()
#12 C:\\Users\\dhg04\\Desktop\\Hetvi\\Websites\\AFSWD Assignemnets\\318\\backend\\vendor\\symfony\\console\\Application.php(194): Symfony\\Component\\Console\\Application->doRun()
#13 C:\\Users\\dhg04\\Desktop\\Hetvi\\Websites\\AFSWD Assignemnets\\318\\backend\\vendor\\laravel\\framework\\src\\Illuminate\\Foundation\\Console\\Kernel.php(198): Symfony\\Component\\Console\\Application->run()
#14 C:\\Users\\dhg04\\Desktop\\Hetvi\\Websites\\AFSWD Assignemnets\\318\\backend\\artisan(35): Illuminate\\Foundation\\Console\\Kernel->handle()
#15 {main}
"} 
[2025-09-05 06:41:07] local.ERROR: The provided cwd "C:\Users\dhg04\Desktop\Hetvi\Websites\AFSWD Assignemnets\318\backend\public" does not exist. {"exception":"[object] (Symfony\\Component\\Process\\Exception\\RuntimeException(code: 0): The provided cwd \"C:\\Users\\dhg04\\Desktop\\Hetvi\\Websites\\AFSWD Assignemnets\\318\\backend\\public\" does not exist. at C:\\Users\\dhg04\\Desktop\\Hetvi\\Websites\\AFSWD Assignemnets\\318\\backend\\vendor\\symfony\\process\\Process.php:341)
[stacktrace]
#0 C:\\Users\\dhg04\\Desktop\\Hetvi\\Websites\\AFSWD Assignemnets\\318\\backend\\vendor\\laravel\\framework\\src\\Illuminate\\Foundation\\Console\\ServeCommand.php(190): Symfony\\Component\\Process\\Process->start()
#1 C:\\Users\\dhg04\\Desktop\\Hetvi\\Websites\\AFSWD Assignemnets\\318\\backend\\vendor\\laravel\\framework\\src\\Illuminate\\Foundation\\Console\\ServeCommand.php(129): Illuminate\\Foundation\\Console\\ServeCommand->startProcess()
#2 C:\\Users\\dhg04\\Desktop\\Hetvi\\Websites\\AFSWD Assignemnets\\318\\backend\\vendor\\laravel\\framework\\src\\Illuminate\\Container\\BoundMethod.php(36): Illuminate\\Foundation\\Console\\ServeCommand->handle()
#3 C:\\Users\\dhg04\\Desktop\\Hetvi\\Websites\\AFSWD Assignemnets\\318\\backend\\vendor\\laravel\\framework\\src\\Illuminate\\Container\\Util.php(43): Illuminate\\Container\\BoundMethod::Illuminate\\Container\\{closure}()
#4 C:\\Users\\dhg04\\Desktop\\Hetvi\\Websites\\AFSWD Assignemnets\\318\\backend\\vendor\\laravel\\framework\\src\\Illuminate\\Container\\BoundMethod.php(95): Illuminate\\Container\\Util::unwrapIfClosure()
#5 C:\\Users\\dhg04\\Desktop\\Hetvi\\Websites\\AFSWD Assignemnets\\318\\backend\\vendor\\laravel\\framework\\src\\Illuminate\\Container\\BoundMethod.php(35): Illuminate\\Container\\BoundMethod::callBoundMethod()
#6 C:\\Users\\dhg04\\Desktop\\Hetvi\\Websites\\AFSWD Assignemnets\\318\\backend\\vendor\\laravel\\framework\\src\\Illuminate\\Container\\Container.php(696): Illuminate\\Container\\BoundMethod::call()
#7 C:\\Users\\dhg04\\Desktop\\Hetvi\\Websites\\AFSWD Assignemnets\\318\\backend\\vendor\\laravel\\framework\\src\\Illuminate\\Console\\Command.php(213): Illuminate\\Container\\Container->call()
#8 C:\\Users\\dhg04\\Desktop\\Hetvi\\Websites\\AFSWD Assignemnets\\318\\backend\\vendor\\symfony\\console\\Command\\Command.php(318): Illuminate\\Console\\Command->execute()
#9 C:\\Users\\dhg04\\Desktop\\Hetvi\\Websites\\AFSWD Assignemnets\\318\\backend\\vendor\\laravel\\framework\\src\\Illuminate\\Console\\Command.php(182): Symfony\\Component\\Console\\Command\\Command->run()
#10 C:\\Users\\dhg04\\Desktop\\Hetvi\\Websites\\AFSWD Assignemnets\\318\\backend\\vendor\\symfony\\console\\Application.php(1110): Illuminate\\Console\\Command->run()
#11 C:\\Users\\dhg04\\Desktop\\Hetvi\\Websites\\AFSWD Assignemnets\\318\\backend\\vendor\\symfony\\console\\Application.php(359): Symfony\\Component\\Console\\Application->doRunCommand()
#12 C:\\Users\\dhg04\\Desktop\\Hetvi\\Websites\\AFSWD Assignemnets\\318\\backend\\vendor\\symfony\\console\\Application.php(194): Symfony\\Component\\Console\\Application->doRun()
#13 C:\\Users\\dhg04\\Desktop\\Hetvi\\Websites\\AFSWD Assignemnets\\318\\backend\\vendor\\laravel\\framework\\src\\Illuminate\\Foundation\\Console\\Kernel.php(198): Symfony\\Component\\Console\\Application->run()
#14 C:\\Users\\dhg04\\Desktop\\Hetvi\\Websites\\AFSWD Assignemnets\\318\\backend\\artisan(35): Illuminate\\Foundation\\Console\\Kernel->handle()
#15 {main}
"} 
[2025-09-05 06:41:50] local.ERROR: The provided cwd "C:\Users\dhg04\Desktop\Hetvi\Websites\AFSWD Assignemnets\318\backend\public" does not exist. {"exception":"[object] (Symfony\\Component\\Process\\Exception\\RuntimeException(code: 0): The provided cwd \"C:\\Users\\dhg04\\Desktop\\Hetvi\\Websites\\AFSWD Assignemnets\\318\\backend\\public\" does not exist. at C:\\Users\\dhg04\\Desktop\\Hetvi\\Websites\\AFSWD Assignemnets\\318\\backend\\vendor\\symfony\\process\\Process.php:341)
[stacktrace]
#0 C:\\Users\\dhg04\\Desktop\\Hetvi\\Websites\\AFSWD Assignemnets\\318\\backend\\vendor\\laravel\\framework\\src\\Illuminate\\Foundation\\Console\\ServeCommand.php(190): Symfony\\Component\\Process\\Process->start()
#1 C:\\Users\\dhg04\\Desktop\\Hetvi\\Websites\\AFSWD Assignemnets\\318\\backend\\vendor\\laravel\\framework\\src\\Illuminate\\Foundation\\Console\\ServeCommand.php(129): Illuminate\\Foundation\\Console\\ServeCommand->startProcess()
#2 C:\\Users\\dhg04\\Desktop\\Hetvi\\Websites\\AFSWD Assignemnets\\318\\backend\\vendor\\laravel\\framework\\src\\Illuminate\\Container\\BoundMethod.php(36): Illuminate\\Foundation\\Console\\ServeCommand->handle()
#3 C:\\Users\\dhg04\\Desktop\\Hetvi\\Websites\\AFSWD Assignemnets\\318\\backend\\vendor\\laravel\\framework\\src\\Illuminate\\Container\\Util.php(43): Illuminate\\Container\\BoundMethod::Illuminate\\Container\\{closure}()
#4 C:\\Users\\dhg04\\Desktop\\Hetvi\\Websites\\AFSWD Assignemnets\\318\\backend\\vendor\\laravel\\framework\\src\\Illuminate\\Container\\BoundMethod.php(95): Illuminate\\Container\\Util::unwrapIfClosure()
#5 C:\\Users\\dhg04\\Desktop\\Hetvi\\Websites\\AFSWD Assignemnets\\318\\backend\\vendor\\laravel\\framework\\src\\Illuminate\\Container\\BoundMethod.php(35): Illuminate\\Container\\BoundMethod::callBoundMethod()
#6 C:\\Users\\dhg04\\Desktop\\Hetvi\\Websites\\AFSWD Assignemnets\\318\\backend\\vendor\\laravel\\framework\\src\\Illuminate\\Container\\Container.php(696): Illuminate\\Container\\BoundMethod::call()
#7 C:\\Users\\dhg04\\Desktop\\Hetvi\\Websites\\AFSWD Assignemnets\\318\\backend\\vendor\\laravel\\framework\\src\\Illuminate\\Console\\Command.php(213): Illuminate\\Container\\Container->call()
#8 C:\\Users\\dhg04\\Desktop\\Hetvi\\Websites\\AFSWD Assignemnets\\318\\backend\\vendor\\symfony\\console\\Command\\Command.php(318): Illuminate\\Console\\Command->execute()
#9 C:\\Users\\dhg04\\Desktop\\Hetvi\\Websites\\AFSWD Assignemnets\\318\\backend\\vendor\\laravel\\framework\\src\\Illuminate\\Console\\Command.php(182): Symfony\\Component\\Console\\Command\\Command->run()
#10 C:\\Users\\dhg04\\Desktop\\Hetvi\\Websites\\AFSWD Assignemnets\\318\\backend\\vendor\\symfony\\console\\Application.php(1110): Illuminate\\Console\\Command->run()
#11 C:\\Users\\dhg04\\Desktop\\Hetvi\\Websites\\AFSWD Assignemnets\\318\\backend\\vendor\\symfony\\console\\Application.php(359): Symfony\\Component\\Console\\Application->doRunCommand()
#12 C:\\Users\\dhg04\\Desktop\\Hetvi\\Websites\\AFSWD Assignemnets\\318\\backend\\vendor\\symfony\\console\\Application.php(194): Symfony\\Component\\Console\\Application->doRun()
#13 C:\\Users\\dhg04\\Desktop\\Hetvi\\Websites\\AFSWD Assignemnets\\318\\backend\\vendor\\laravel\\framework\\src\\Illuminate\\Foundation\\Console\\Kernel.php(198): Symfony\\Component\\Console\\Application->run()
#14 C:\\Users\\dhg04\\Desktop\\Hetvi\\Websites\\AFSWD Assignemnets\\318\\backend\\artisan(35): Illuminate\\Foundation\\Console\\Kernel->handle()
#15 {main}
"} 
[2025-09-05 06:45:48] local.ERROR: The provided cwd "C:\Users\dhg04\Desktop\Hetvi\Websites\AFSWD Assignemnets\318\backend\public" does not exist. {"exception":"[object] (Symfony\\Component\\Process\\Exception\\RuntimeException(code: 0): The provided cwd \"C:\\Users\\dhg04\\Desktop\\Hetvi\\Websites\\AFSWD Assignemnets\\318\\backend\\public\" does not exist. at C:\\Users\\dhg04\\Desktop\\Hetvi\\Websites\\AFSWD Assignemnets\\318\\backend\\vendor\\symfony\\process\\Process.php:341)
[stacktrace]
#0 C:\\Users\\dhg04\\Desktop\\Hetvi\\Websites\\AFSWD Assignemnets\\318\\backend\\vendor\\laravel\\framework\\src\\Illuminate\\Foundation\\Console\\ServeCommand.php(190): Symfony\\Component\\Process\\Process->start()
#1 C:\\Users\\dhg04\\Desktop\\Hetvi\\Websites\\AFSWD Assignemnets\\318\\backend\\vendor\\laravel\\framework\\src\\Illuminate\\Foundation\\Console\\ServeCommand.php(129): Illuminate\\Foundation\\Console\\ServeCommand->startProcess()
#2 C:\\Users\\dhg04\\Desktop\\Hetvi\\Websites\\AFSWD Assignemnets\\318\\backend\\vendor\\laravel\\framework\\src\\Illuminate\\Container\\BoundMethod.php(36): Illuminate\\Foundation\\Console\\ServeCommand->handle()
#3 C:\\Users\\dhg04\\Desktop\\Hetvi\\Websites\\AFSWD Assignemnets\\318\\backend\\vendor\\laravel\\framework\\src\\Illuminate\\Container\\Util.php(43): Illuminate\\Container\\BoundMethod::Illuminate\\Container\\{closure}()
#4 C:\\Users\\dhg04\\Desktop\\Hetvi\\Websites\\AFSWD Assignemnets\\318\\backend\\vendor\\laravel\\framework\\src\\Illuminate\\Container\\BoundMethod.php(95): Illuminate\\Container\\Util::unwrapIfClosure()
#5 C:\\Users\\dhg04\\Desktop\\Hetvi\\Websites\\AFSWD Assignemnets\\318\\backend\\vendor\\laravel\\framework\\src\\Illuminate\\Container\\BoundMethod.php(35): Illuminate\\Container\\BoundMethod::callBoundMethod()
#6 C:\\Users\\dhg04\\Desktop\\Hetvi\\Websites\\AFSWD Assignemnets\\318\\backend\\vendor\\laravel\\framework\\src\\Illuminate\\Container\\Container.php(696): Illuminate\\Container\\BoundMethod::call()
#7 C:\\Users\\dhg04\\Desktop\\Hetvi\\Websites\\AFSWD Assignemnets\\318\\backend\\vendor\\laravel\\framework\\src\\Illuminate\\Console\\Command.php(213): Illuminate\\Container\\Container->call()
#8 C:\\Users\\dhg04\\Desktop\\Hetvi\\Websites\\AFSWD Assignemnets\\318\\backend\\vendor\\symfony\\console\\Command\\Command.php(318): Illuminate\\Console\\Command->execute()
#9 C:\\Users\\dhg04\\Desktop\\Hetvi\\Websites\\AFSWD Assignemnets\\318\\backend\\vendor\\laravel\\framework\\src\\Illuminate\\Console\\Command.php(182): Symfony\\Component\\Console\\Command\\Command->run()
#10 C:\\Users\\dhg04\\Desktop\\Hetvi\\Websites\\AFSWD Assignemnets\\318\\backend\\vendor\\symfony\\console\\Application.php(1110): Illuminate\\Console\\Command->run()
#11 C:\\Users\\dhg04\\Desktop\\Hetvi\\Websites\\AFSWD Assignemnets\\318\\backend\\vendor\\symfony\\console\\Application.php(359): Symfony\\Component\\Console\\Application->doRunCommand()
#12 C:\\Users\\dhg04\\Desktop\\Hetvi\\Websites\\AFSWD Assignemnets\\318\\backend\\vendor\\symfony\\console\\Application.php(194): Symfony\\Component\\Console\\Application->doRun()
#13 C:\\Users\\dhg04\\Desktop\\Hetvi\\Websites\\AFSWD Assignemnets\\318\\backend\\vendor\\laravel\\framework\\src\\Illuminate\\Foundation\\Console\\Kernel.php(198): Symfony\\Component\\Console\\Application->run()
#14 C:\\Users\\dhg04\\Desktop\\Hetvi\\Websites\\AFSWD Assignemnets\\318\\backend\\artisan(35): Illuminate\\Foundation\\Console\\Kernel->handle()
#15 {main}
"} 
[2025-09-05 06:47:16] local.ERROR: The provided cwd "C:\Users\dhg04\Desktop\Hetvi\Websites\AFSWD Assignemnets\318\backend\public" does not exist. {"exception":"[object] (Symfony\\Component\\Process\\Exception\\RuntimeException(code: 0): The provided cwd \"C:\\Users\\dhg04\\Desktop\\Hetvi\\Websites\\AFSWD Assignemnets\\318\\backend\\public\" does not exist. at C:\\Users\\dhg04\\Desktop\\Hetvi\\Websites\\AFSWD Assignemnets\\318\\backend\\vendor\\symfony\\process\\Process.php:341)
[stacktrace]
#0 C:\\Users\\dhg04\\Desktop\\Hetvi\\Websites\\AFSWD Assignemnets\\318\\backend\\vendor\\laravel\\framework\\src\\Illuminate\\Foundation\\Console\\ServeCommand.php(190): Symfony\\Component\\Process\\Process->start()
#1 C:\\Users\\dhg04\\Desktop\\Hetvi\\Websites\\AFSWD Assignemnets\\318\\backend\\vendor\\laravel\\framework\\src\\Illuminate\\Foundation\\Console\\ServeCommand.php(129): Illuminate\\Foundation\\Console\\ServeCommand->startProcess()
#2 C:\\Users\\dhg04\\Desktop\\Hetvi\\Websites\\AFSWD Assignemnets\\318\\backend\\vendor\\laravel\\framework\\src\\Illuminate\\Container\\BoundMethod.php(36): Illuminate\\Foundation\\Console\\ServeCommand->handle()
#3 C:\\Users\\dhg04\\Desktop\\Hetvi\\Websites\\AFSWD Assignemnets\\318\\backend\\vendor\\laravel\\framework\\src\\Illuminate\\Container\\Util.php(43): Illuminate\\Container\\BoundMethod::Illuminate\\Container\\{closure}()
#4 C:\\Users\\dhg04\\Desktop\\Hetvi\\Websites\\AFSWD Assignemnets\\318\\backend\\vendor\\laravel\\framework\\src\\Illuminate\\Container\\BoundMethod.php(95): Illuminate\\Container\\Util::unwrapIfClosure()
#5 C:\\Users\\dhg04\\Desktop\\Hetvi\\Websites\\AFSWD Assignemnets\\318\\backend\\vendor\\laravel\\framework\\src\\Illuminate\\Container\\BoundMethod.php(35): Illuminate\\Container\\BoundMethod::callBoundMethod()
#6 C:\\Users\\dhg04\\Desktop\\Hetvi\\Websites\\AFSWD Assignemnets\\318\\backend\\vendor\\laravel\\framework\\src\\Illuminate\\Container\\Container.php(696): Illuminate\\Container\\BoundMethod::call()
#7 C:\\Users\\dhg04\\Desktop\\Hetvi\\Websites\\AFSWD Assignemnets\\318\\backend\\vendor\\laravel\\framework\\src\\Illuminate\\Console\\Command.php(213): Illuminate\\Container\\Container->call()
#8 C:\\Users\\dhg04\\Desktop\\Hetvi\\Websites\\AFSWD Assignemnets\\318\\backend\\vendor\\symfony\\console\\Command\\Command.php(318): Illuminate\\Console\\Command->execute()
#9 C:\\Users\\dhg04\\Desktop\\Hetvi\\Websites\\AFSWD Assignemnets\\318\\backend\\vendor\\laravel\\framework\\src\\Illuminate\\Console\\Command.php(182): Symfony\\Component\\Console\\Command\\Command->run()
#10 C:\\Users\\dhg04\\Desktop\\Hetvi\\Websites\\AFSWD Assignemnets\\318\\backend\\vendor\\symfony\\console\\Application.php(1110): Illuminate\\Console\\Command->run()
#11 C:\\Users\\dhg04\\Desktop\\Hetvi\\Websites\\AFSWD Assignemnets\\318\\backend\\vendor\\symfony\\console\\Application.php(359): Symfony\\Component\\Console\\Application->doRunCommand()
#12 C:\\Users\\dhg04\\Desktop\\Hetvi\\Websites\\AFSWD Assignemnets\\318\\backend\\vendor\\symfony\\console\\Application.php(194): Symfony\\Component\\Console\\Application->doRun()
#13 C:\\Users\\dhg04\\Desktop\\Hetvi\\Websites\\AFSWD Assignemnets\\318\\backend\\vendor\\laravel\\framework\\src\\Illuminate\\Foundation\\Console\\Kernel.php(198): Symfony\\Component\\Console\\Application->run()
#14 C:\\Users\\dhg04\\Desktop\\Hetvi\\Websites\\AFSWD Assignemnets\\318\\backend\\artisan(35): Illuminate\\Foundation\\Console\\Kernel->handle()
#15 {main}
"} 
[2025-09-05 06:50:50] local.ERROR: The provided cwd "C:\Users\dhg04\Desktop\Hetvi\Websites\AFSWD Assignemnets\318\backend\public" does not exist. {"exception":"[object] (Symfony\\Component\\Process\\Exception\\RuntimeException(code: 0): The provided cwd \"C:\\Users\\dhg04\\Desktop\\Hetvi\\Websites\\AFSWD Assignemnets\\318\\backend\\public\" does not exist. at C:\\Users\\dhg04\\Desktop\\Hetvi\\Websites\\AFSWD Assignemnets\\318\\backend\\vendor\\symfony\\process\\Process.php:341)
[stacktrace]
#0 C:\\Users\\dhg04\\Desktop\\Hetvi\\Websites\\AFSWD Assignemnets\\318\\backend\\vendor\\laravel\\framework\\src\\Illuminate\\Foundation\\Console\\ServeCommand.php(190): Symfony\\Component\\Process\\Process->start()
#1 C:\\Users\\dhg04\\Desktop\\Hetvi\\Websites\\AFSWD Assignemnets\\318\\backend\\vendor\\laravel\\framework\\src\\Illuminate\\Foundation\\Console\\ServeCommand.php(129): Illuminate\\Foundation\\Console\\ServeCommand->startProcess()
#2 C:\\Users\\dhg04\\Desktop\\Hetvi\\Websites\\AFSWD Assignemnets\\318\\backend\\vendor\\laravel\\framework\\src\\Illuminate\\Container\\BoundMethod.php(36): Illuminate\\Foundation\\Console\\ServeCommand->handle()
#3 C:\\Users\\dhg04\\Desktop\\Hetvi\\Websites\\AFSWD Assignemnets\\318\\backend\\vendor\\laravel\\framework\\src\\Illuminate\\Container\\Util.php(43): Illuminate\\Container\\BoundMethod::Illuminate\\Container\\{closure}()
#4 C:\\Users\\dhg04\\Desktop\\Hetvi\\Websites\\AFSWD Assignemnets\\318\\backend\\vendor\\laravel\\framework\\src\\Illuminate\\Container\\BoundMethod.php(95): Illuminate\\Container\\Util::unwrapIfClosure()
#5 C:\\Users\\dhg04\\Desktop\\Hetvi\\Websites\\AFSWD Assignemnets\\318\\backend\\vendor\\laravel\\framework\\src\\Illuminate\\Container\\BoundMethod.php(35): Illuminate\\Container\\BoundMethod::callBoundMethod()
#6 C:\\Users\\dhg04\\Desktop\\Hetvi\\Websites\\AFSWD Assignemnets\\318\\backend\\vendor\\laravel\\framework\\src\\Illuminate\\Container\\Container.php(696): Illuminate\\Container\\BoundMethod::call()
#7 C:\\Users\\dhg04\\Desktop\\Hetvi\\Websites\\AFSWD Assignemnets\\318\\backend\\vendor\\laravel\\framework\\src\\Illuminate\\Console\\Command.php(213): Illuminate\\Container\\Container->call()
#8 C:\\Users\\dhg04\\Desktop\\Hetvi\\Websites\\AFSWD Assignemnets\\318\\backend\\vendor\\symfony\\console\\Command\\Command.php(318): Illuminate\\Console\\Command->execute()
#9 C:\\Users\\dhg04\\Desktop\\Hetvi\\Websites\\AFSWD Assignemnets\\318\\backend\\vendor\\laravel\\framework\\src\\Illuminate\\Console\\Command.php(182): Symfony\\Component\\Console\\Command\\Command->run()
#10 C:\\Users\\dhg04\\Desktop\\Hetvi\\Websites\\AFSWD Assignemnets\\318\\backend\\vendor\\symfony\\console\\Application.php(1110): Illuminate\\Console\\Command->run()
#11 C:\\Users\\dhg04\\Desktop\\Hetvi\\Websites\\AFSWD Assignemnets\\318\\backend\\vendor\\symfony\\console\\Application.php(359): Symfony\\Component\\Console\\Application->doRunCommand()
#12 C:\\Users\\dhg04\\Desktop\\Hetvi\\Websites\\AFSWD Assignemnets\\318\\backend\\vendor\\symfony\\console\\Application.php(194): Symfony\\Component\\Console\\Application->doRun()
#13 C:\\Users\\dhg04\\Desktop\\Hetvi\\Websites\\AFSWD Assignemnets\\318\\backend\\vendor\\laravel\\framework\\src\\Illuminate\\Foundation\\Console\\Kernel.php(198): Symfony\\Component\\Console\\Application->run()
#14 C:\\Users\\dhg04\\Desktop\\Hetvi\\Websites\\AFSWD Assignemnets\\318\\backend\\artisan(35): Illuminate\\Foundation\\Console\\Kernel->handle()
#15 {main}
"} 
[2025-09-05 06:51:08] local.ERROR: Command "tinker" is not defined. {"exception":"[object] (Symfony\\Component\\Console\\Exception\\CommandNotFoundException(code: 0): Command \"tinker\" is not defined. at C:\\Users\\dhg04\\Desktop\\Hetvi\\Websites\\AFSWD Assignemnets\\318\\backend\\vendor\\symfony\\console\\Application.php:743)
[stacktrace]
#0 C:\\Users\\dhg04\\Desktop\\Hetvi\\Websites\\AFSWD Assignemnets\\318\\backend\\vendor\\symfony\\console\\Application.php(301): Symfony\\Component\\Console\\Application->find()
#1 C:\\Users\\dhg04\\Desktop\\Hetvi\\Websites\\AFSWD Assignemnets\\318\\backend\\vendor\\symfony\\console\\Application.php(194): Symfony\\Component\\Console\\Application->doRun()
#2 C:\\Users\\dhg04\\Desktop\\Hetvi\\Websites\\AFSWD Assignemnets\\318\\backend\\vendor\\laravel\\framework\\src\\Illuminate\\Foundation\\Console\\Kernel.php(198): Symfony\\Component\\Console\\Application->run()
#3 C:\\Users\\dhg04\\Desktop\\Hetvi\\Websites\\AFSWD Assignemnets\\318\\backend\\artisan(35): Illuminate\\Foundation\\Console\\Kernel->handle()
#4 {main}
"} 
[2025-09-05 06:51:19] local.ERROR: SQLSTATE[23000]: Integrity constraint violation: 19 UNIQUE constraint failed: users.email (Connection: sqlite, SQL: insert into "users" ("name", "email", "password", "role", "bio", "updated_at", "created_at") values (Demo User, demo@edustream.com, $2y$12$.xolK05aKXg0Oh0aeGYrley2UNXxG.MI7ixH7M/kvZMYs2xML6Kh6, student, Passionate learner and developer, 2025-09-05 06:51:19, 2025-09-05 06:51:19)) {"exception":"[object] (Illuminate\\Database\\UniqueConstraintViolationException(code: 23000): SQLSTATE[23000]: Integrity constraint violation: 19 UNIQUE constraint failed: users.email (Connection: sqlite, SQL: insert into \"users\" (\"name\", \"email\", \"password\", \"role\", \"bio\", \"updated_at\", \"created_at\") values (Demo User, demo@edustream.com, $2y$12$.xolK05aKXg0Oh0aeGYrley2UNXxG.MI7ixH7M/kvZMYs2xML6Kh6, student, Passionate learner and developer, 2025-09-05 06:51:19, 2025-09-05 06:51:19)) at C:\\Users\\dhg04\\Desktop\\Hetvi\\Websites\\AFSWD Assignemnets\\318\\backend\\vendor\\laravel\\framework\\src\\Illuminate\\Database\\Connection.php:820)
[stacktrace]
#0 C:\\Users\\dhg04\\Desktop\\Hetvi\\Websites\\AFSWD Assignemnets\\318\\backend\\vendor\\laravel\\framework\\src\\Illuminate\\Database\\Connection.php(779): Illuminate\\Database\\Connection->runQueryCallback()
#1 C:\\Users\\dhg04\\Desktop\\Hetvi\\Websites\\AFSWD Assignemnets\\318\\backend\\vendor\\laravel\\framework\\src\\Illuminate\\Database\\Connection.php(560): Illuminate\\Database\\Connection->run()
#2 C:\\Users\\dhg04\\Desktop\\Hetvi\\Websites\\AFSWD Assignemnets\\318\\backend\\vendor\\laravel\\framework\\src\\Illuminate\\Database\\Connection.php(524): Illuminate\\Database\\Connection->statement()
#3 C:\\Users\\dhg04\\Desktop\\Hetvi\\Websites\\AFSWD Assignemnets\\318\\backend\\vendor\\laravel\\framework\\src\\Illuminate\\Database\\Query\\Processors\\Processor.php(32): Illuminate\\Database\\Connection->insert()
#4 C:\\Users\\dhg04\\Desktop\\Hetvi\\Websites\\AFSWD Assignemnets\\318\\backend\\vendor\\laravel\\framework\\src\\Illuminate\\Database\\Query\\Builder.php(3766): Illuminate\\Database\\Query\\Processors\\Processor->processInsertGetId()
#5 C:\\Users\\dhg04\\Desktop\\Hetvi\\Websites\\AFSWD Assignemnets\\318\\backend\\vendor\\laravel\\framework\\src\\Illuminate\\Database\\Eloquent\\Builder.php(2120): Illuminate\\Database\\Query\\Builder->insertGetId()
#6 C:\\Users\\dhg04\\Desktop\\Hetvi\\Websites\\AFSWD Assignemnets\\318\\backend\\vendor\\laravel\\framework\\src\\Illuminate\\Database\\Eloquent\\Model.php(1359): Illuminate\\Database\\Eloquent\\Builder->__call()
#7 C:\\Users\\dhg04\\Desktop\\Hetvi\\Websites\\AFSWD Assignemnets\\318\\backend\\vendor\\laravel\\framework\\src\\Illuminate\\Database\\Eloquent\\Model.php(1324): Illuminate\\Database\\Eloquent\\Model->insertAndSetId()
#8 C:\\Users\\dhg04\\Desktop\\Hetvi\\Websites\\AFSWD Assignemnets\\318\\backend\\vendor\\laravel\\framework\\src\\Illuminate\\Database\\Eloquent\\Model.php(1163): Illuminate\\Database\\Eloquent\\Model->performInsert()
#9 C:\\Users\\dhg04\\Desktop\\Hetvi\\Websites\\AFSWD Assignemnets\\318\\backend\\vendor\\laravel\\framework\\src\\Illuminate\\Database\\Eloquent\\Builder.php(1128): Illuminate\\Database\\Eloquent\\Model->save()
#10 C:\\Users\\dhg04\\Desktop\\Hetvi\\Websites\\AFSWD Assignemnets\\318\\backend\\vendor\\laravel\\framework\\src\\Illuminate\\Support\\helpers.php(399): Illuminate\\Database\\Eloquent\\Builder->Illuminate\\Database\\Eloquent\\{closure}()
#11 C:\\Users\\dhg04\\Desktop\\Hetvi\\Websites\\AFSWD Assignemnets\\318\\backend\\vendor\\laravel\\framework\\src\\Illuminate\\Database\\Eloquent\\Builder.php(1127): tap()
#12 C:\\Users\\dhg04\\Desktop\\Hetvi\\Websites\\AFSWD Assignemnets\\318\\backend\\vendor\\laravel\\framework\\src\\Illuminate\\Support\\Traits\\ForwardsCalls.php(23): Illuminate\\Database\\Eloquent\\Builder->create()
#13 C:\\Users\\dhg04\\Desktop\\Hetvi\\Websites\\AFSWD Assignemnets\\318\\backend\\vendor\\laravel\\framework\\src\\Illuminate\\Database\\Eloquent\\Model.php(2372): Illuminate\\Database\\Eloquent\\Model->forwardCallTo()
#14 C:\\Users\\dhg04\\Desktop\\Hetvi\\Websites\\AFSWD Assignemnets\\318\\backend\\vendor\\laravel\\framework\\src\\Illuminate\\Database\\Eloquent\\Model.php(2384): Illuminate\\Database\\Eloquent\\Model->__call()
#15 C:\\Users\\dhg04\\Desktop\\Hetvi\\Websites\\AFSWD Assignemnets\\318\\backend\\database\\seeders\\UserSeeder.php(17): Illuminate\\Database\\Eloquent\\Model::__callStatic()
#16 C:\\Users\\dhg04\\Desktop\\Hetvi\\Websites\\AFSWD Assignemnets\\318\\backend\\vendor\\laravel\\framework\\src\\Illuminate\\Container\\BoundMethod.php(36): Database\\Seeders\\UserSeeder->run()
#17 C:\\Users\\dhg04\\Desktop\\Hetvi\\Websites\\AFSWD Assignemnets\\318\\backend\\vendor\\laravel\\framework\\src\\Illuminate\\Container\\Util.php(43): Illuminate\\Container\\BoundMethod::Illuminate\\Container\\{closure}()
#18 C:\\Users\\dhg04\\Desktop\\Hetvi\\Websites\\AFSWD Assignemnets\\318\\backend\\vendor\\laravel\\framework\\src\\Illuminate\\Container\\BoundMethod.php(95): Illuminate\\Container\\Util::unwrapIfClosure()
#19 C:\\Users\\dhg04\\Desktop\\Hetvi\\Websites\\AFSWD Assignemnets\\318\\backend\\vendor\\laravel\\framework\\src\\Illuminate\\Container\\BoundMethod.php(35): Illuminate\\Container\\BoundMethod::callBoundMethod()
#20 C:\\Users\\dhg04\\Desktop\\Hetvi\\Websites\\AFSWD Assignemnets\\318\\backend\\vendor\\laravel\\framework\\src\\Illuminate\\Container\\Container.php(696): Illuminate\\Container\\BoundMethod::call()
#21 C:\\Users\\dhg04\\Desktop\\Hetvi\\Websites\\AFSWD Assignemnets\\318\\backend\\vendor\\laravel\\framework\\src\\Illuminate\\Database\\Seeder.php(188): Illuminate\\Container\\Container->call()
#22 C:\\Users\\dhg04\\Desktop\\Hetvi\\Websites\\AFSWD Assignemnets\\318\\backend\\vendor\\laravel\\framework\\src\\Illuminate\\Database\\Seeder.php(197): Illuminate\\Database\\Seeder->Illuminate\\Database\\{closure}()
#23 C:\\Users\\dhg04\\Desktop\\Hetvi\\Websites\\AFSWD Assignemnets\\318\\backend\\vendor\\laravel\\framework\\src\\Illuminate\\Database\\Console\\Seeds\\SeedCommand.php(70): Illuminate\\Database\\Seeder->__invoke()
#24 C:\\Users\\dhg04\\Desktop\\Hetvi\\Websites\\AFSWD Assignemnets\\318\\backend\\vendor\\laravel\\framework\\src\\Illuminate\\Database\\Eloquent\\Concerns\\GuardsAttributes.php(155): Illuminate\\Database\\Console\\Seeds\\SeedCommand->Illuminate\\Database\\Console\\Seeds\\{closure}()
#25 C:\\Users\\dhg04\\Desktop\\Hetvi\\Websites\\AFSWD Assignemnets\\318\\backend\\vendor\\laravel\\framework\\src\\Illuminate\\Database\\Console\\Seeds\\SeedCommand.php(69): Illuminate\\Database\\Eloquent\\Model::unguarded()
#26 C:\\Users\\dhg04\\Desktop\\Hetvi\\Websites\\AFSWD Assignemnets\\318\\backend\\vendor\\laravel\\framework\\src\\Illuminate\\Container\\BoundMethod.php(36): Illuminate\\Database\\Console\\Seeds\\SeedCommand->handle()
#27 C:\\Users\\dhg04\\Desktop\\Hetvi\\Websites\\AFSWD Assignemnets\\318\\backend\\vendor\\laravel\\framework\\src\\Illuminate\\Container\\Util.php(43): Illuminate\\Container\\BoundMethod::Illuminate\\Container\\{closure}()
#28 C:\\Users\\dhg04\\Desktop\\Hetvi\\Websites\\AFSWD Assignemnets\\318\\backend\\vendor\\laravel\\framework\\src\\Illuminate\\Container\\BoundMethod.php(95): Illuminate\\Container\\Util::unwrapIfClosure()
#29 C:\\Users\\dhg04\\Desktop\\Hetvi\\Websites\\AFSWD Assignemnets\\318\\backend\\vendor\\laravel\\framework\\src\\Illuminate\\Container\\BoundMethod.php(35): Illuminate\\Container\\BoundMethod::callBoundMethod()
#30 C:\\Users\\dhg04\\Desktop\\Hetvi\\Websites\\AFSWD Assignemnets\\318\\backend\\vendor\\laravel\\framework\\src\\Illuminate\\Container\\Container.php(696): Illuminate\\Container\\BoundMethod::call()
#31 C:\\Users\\dhg04\\Desktop\\Hetvi\\Websites\\AFSWD Assignemnets\\318\\backend\\vendor\\laravel\\framework\\src\\Illuminate\\Console\\Command.php(213): Illuminate\\Container\\Container->call()
#32 C:\\Users\\dhg04\\Desktop\\Hetvi\\Websites\\AFSWD Assignemnets\\318\\backend\\vendor\\symfony\\console\\Command\\Command.php(318): Illuminate\\Console\\Command->execute()
#33 C:\\Users\\dhg04\\Desktop\\Hetvi\\Websites\\AFSWD Assignemnets\\318\\backend\\vendor\\laravel\\framework\\src\\Illuminate\\Console\\Command.php(182): Symfony\\Component\\Console\\Command\\Command->run()
#34 C:\\Users\\dhg04\\Desktop\\Hetvi\\Websites\\AFSWD Assignemnets\\318\\backend\\vendor\\symfony\\console\\Application.php(1110): Illuminate\\Console\\Command->run()
#35 C:\\Users\\dhg04\\Desktop\\Hetvi\\Websites\\AFSWD Assignemnets\\318\\backend\\vendor\\symfony\\console\\Application.php(359): Symfony\\Component\\Console\\Application->doRunCommand()
#36 C:\\Users\\dhg04\\Desktop\\Hetvi\\Websites\\AFSWD Assignemnets\\318\\backend\\vendor\\symfony\\console\\Application.php(194): Symfony\\Component\\Console\\Application->doRun()
#37 C:\\Users\\dhg04\\Desktop\\Hetvi\\Websites\\AFSWD Assignemnets\\318\\backend\\vendor\\laravel\\framework\\src\\Illuminate\\Foundation\\Console\\Kernel.php(198): Symfony\\Component\\Console\\Application->run()
#38 C:\\Users\\dhg04\\Desktop\\Hetvi\\Websites\\AFSWD Assignemnets\\318\\backend\\artisan(35): Illuminate\\Foundation\\Console\\Kernel->handle()
#39 {main}

[previous exception] [object] (PDOException(code: 23000): SQLSTATE[23000]: Integrity constraint violation: 19 UNIQUE constraint failed: users.email at C:\\Users\\dhg04\\Desktop\\Hetvi\\Websites\\AFSWD Assignemnets\\318\\backend\\vendor\\laravel\\framework\\src\\Illuminate\\Database\\Connection.php:571)
[stacktrace]
#0 C:\\Users\\dhg04\\Desktop\\Hetvi\\Websites\\AFSWD Assignemnets\\318\\backend\\vendor\\laravel\\framework\\src\\Illuminate\\Database\\Connection.php(571): PDOStatement->execute()
#1 C:\\Users\\dhg04\\Desktop\\Hetvi\\Websites\\AFSWD Assignemnets\\318\\backend\\vendor\\laravel\\framework\\src\\Illuminate\\Database\\Connection.php(812): Illuminate\\Database\\Connection->Illuminate\\Database\\{closure}()
#2 C:\\Users\\dhg04\\Desktop\\Hetvi\\Websites\\AFSWD Assignemnets\\318\\backend\\vendor\\laravel\\framework\\src\\Illuminate\\Database\\Connection.php(779): Illuminate\\Database\\Connection->runQueryCallback()
#3 C:\\Users\\dhg04\\Desktop\\Hetvi\\Websites\\AFSWD Assignemnets\\318\\backend\\vendor\\laravel\\framework\\src\\Illuminate\\Database\\Connection.php(560): Illuminate\\Database\\Connection->run()
#4 C:\\Users\\dhg04\\Desktop\\Hetvi\\Websites\\AFSWD Assignemnets\\318\\backend\\vendor\\laravel\\framework\\src\\Illuminate\\Database\\Connection.php(524): Illuminate\\Database\\Connection->statement()
#5 C:\\Users\\dhg04\\Desktop\\Hetvi\\Websites\\AFSWD Assignemnets\\318\\backend\\vendor\\laravel\\framework\\src\\Illuminate\\Database\\Query\\Processors\\Processor.php(32): Illuminate\\Database\\Connection->insert()
#6 C:\\Users\\dhg04\\Desktop\\Hetvi\\Websites\\AFSWD Assignemnets\\318\\backend\\vendor\\laravel\\framework\\src\\Illuminate\\Database\\Query\\Builder.php(3766): Illuminate\\Database\\Query\\Processors\\Processor->processInsertGetId()
#7 C:\\Users\\dhg04\\Desktop\\Hetvi\\Websites\\AFSWD Assignemnets\\318\\backend\\vendor\\laravel\\framework\\src\\Illuminate\\Database\\Eloquent\\Builder.php(2120): Illuminate\\Database\\Query\\Builder->insertGetId()
#8 C:\\Users\\dhg04\\Desktop\\Hetvi\\Websites\\AFSWD Assignemnets\\318\\backend\\vendor\\laravel\\framework\\src\\Illuminate\\Database\\Eloquent\\Model.php(1359): Illuminate\\Database\\Eloquent\\Builder->__call()
#9 C:\\Users\\dhg04\\Desktop\\Hetvi\\Websites\\AFSWD Assignemnets\\318\\backend\\vendor\\laravel\\framework\\src\\Illuminate\\Database\\Eloquent\\Model.php(1324): Illuminate\\Database\\Eloquent\\Model->insertAndSetId()
#10 C:\\Users\\dhg04\\Desktop\\Hetvi\\Websites\\AFSWD Assignemnets\\318\\backend\\vendor\\laravel\\framework\\src\\Illuminate\\Database\\Eloquent\\Model.php(1163): Illuminate\\Database\\Eloquent\\Model->performInsert()
#11 C:\\Users\\dhg04\\Desktop\\Hetvi\\Websites\\AFSWD Assignemnets\\318\\backend\\vendor\\laravel\\framework\\src\\Illuminate\\Database\\Eloquent\\Builder.php(1128): Illuminate\\Database\\Eloquent\\Model->save()
#12 C:\\Users\\dhg04\\Desktop\\Hetvi\\Websites\\AFSWD Assignemnets\\318\\backend\\vendor\\laravel\\framework\\src\\Illuminate\\Support\\helpers.php(399): Illuminate\\Database\\Eloquent\\Builder->Illuminate\\Database\\Eloquent\\{closure}()
#13 C:\\Users\\dhg04\\Desktop\\Hetvi\\Websites\\AFSWD Assignemnets\\318\\backend\\vendor\\laravel\\framework\\src\\Illuminate\\Database\\Eloquent\\Builder.php(1127): tap()
#14 C:\\Users\\dhg04\\Desktop\\Hetvi\\Websites\\AFSWD Assignemnets\\318\\backend\\vendor\\laravel\\framework\\src\\Illuminate\\Support\\Traits\\ForwardsCalls.php(23): Illuminate\\Database\\Eloquent\\Builder->create()
#15 C:\\Users\\dhg04\\Desktop\\Hetvi\\Websites\\AFSWD Assignemnets\\318\\backend\\vendor\\laravel\\framework\\src\\Illuminate\\Database\\Eloquent\\Model.php(2372): Illuminate\\Database\\Eloquent\\Model->forwardCallTo()
#16 C:\\Users\\dhg04\\Desktop\\Hetvi\\Websites\\AFSWD Assignemnets\\318\\backend\\vendor\\laravel\\framework\\src\\Illuminate\\Database\\Eloquent\\Model.php(2384): Illuminate\\Database\\Eloquent\\Model->__call()
#17 C:\\Users\\dhg04\\Desktop\\Hetvi\\Websites\\AFSWD Assignemnets\\318\\backend\\database\\seeders\\UserSeeder.php(17): Illuminate\\Database\\Eloquent\\Model::__callStatic()
#18 C:\\Users\\dhg04\\Desktop\\Hetvi\\Websites\\AFSWD Assignemnets\\318\\backend\\vendor\\laravel\\framework\\src\\Illuminate\\Container\\BoundMethod.php(36): Database\\Seeders\\UserSeeder->run()
#19 C:\\Users\\dhg04\\Desktop\\Hetvi\\Websites\\AFSWD Assignemnets\\318\\backend\\vendor\\laravel\\framework\\src\\Illuminate\\Container\\Util.php(43): Illuminate\\Container\\BoundMethod::Illuminate\\Container\\{closure}()
#20 C:\\Users\\dhg04\\Desktop\\Hetvi\\Websites\\AFSWD Assignemnets\\318\\backend\\vendor\\laravel\\framework\\src\\Illuminate\\Container\\BoundMethod.php(95): Illuminate\\Container\\Util::unwrapIfClosure()
#21 C:\\Users\\dhg04\\Desktop\\Hetvi\\Websites\\AFSWD Assignemnets\\318\\backend\\vendor\\laravel\\framework\\src\\Illuminate\\Container\\BoundMethod.php(35): Illuminate\\Container\\BoundMethod::callBoundMethod()
#22 C:\\Users\\dhg04\\Desktop\\Hetvi\\Websites\\AFSWD Assignemnets\\318\\backend\\vendor\\laravel\\framework\\src\\Illuminate\\Container\\Container.php(696): Illuminate\\Container\\BoundMethod::call()
#23 C:\\Users\\dhg04\\Desktop\\Hetvi\\Websites\\AFSWD Assignemnets\\318\\backend\\vendor\\laravel\\framework\\src\\Illuminate\\Database\\Seeder.php(188): Illuminate\\Container\\Container->call()
#24 C:\\Users\\dhg04\\Desktop\\Hetvi\\Websites\\AFSWD Assignemnets\\318\\backend\\vendor\\laravel\\framework\\src\\Illuminate\\Database\\Seeder.php(197): Illuminate\\Database\\Seeder->Illuminate\\Database\\{closure}()
#25 C:\\Users\\dhg04\\Desktop\\Hetvi\\Websites\\AFSWD Assignemnets\\318\\backend\\vendor\\laravel\\framework\\src\\Illuminate\\Database\\Console\\Seeds\\SeedCommand.php(70): Illuminate\\Database\\Seeder->__invoke()
#26 C:\\Users\\dhg04\\Desktop\\Hetvi\\Websites\\AFSWD Assignemnets\\318\\backend\\vendor\\laravel\\framework\\src\\Illuminate\\Database\\Eloquent\\Concerns\\GuardsAttributes.php(155): Illuminate\\Database\\Console\\Seeds\\SeedCommand->Illuminate\\Database\\Console\\Seeds\\{closure}()
#27 C:\\Users\\dhg04\\Desktop\\Hetvi\\Websites\\AFSWD Assignemnets\\318\\backend\\vendor\\laravel\\framework\\src\\Illuminate\\Database\\Console\\Seeds\\SeedCommand.php(69): Illuminate\\Database\\Eloquent\\Model::unguarded()
#28 C:\\Users\\dhg04\\Desktop\\Hetvi\\Websites\\AFSWD Assignemnets\\318\\backend\\vendor\\laravel\\framework\\src\\Illuminate\\Container\\BoundMethod.php(36): Illuminate\\Database\\Console\\Seeds\\SeedCommand->handle()
#29 C:\\Users\\dhg04\\Desktop\\Hetvi\\Websites\\AFSWD Assignemnets\\318\\backend\\vendor\\laravel\\framework\\src\\Illuminate\\Container\\Util.php(43): Illuminate\\Container\\BoundMethod::Illuminate\\Container\\{closure}()
#30 C:\\Users\\dhg04\\Desktop\\Hetvi\\Websites\\AFSWD Assignemnets\\318\\backend\\vendor\\laravel\\framework\\src\\Illuminate\\Container\\BoundMethod.php(95): Illuminate\\Container\\Util::unwrapIfClosure()
#31 C:\\Users\\dhg04\\Desktop\\Hetvi\\Websites\\AFSWD Assignemnets\\318\\backend\\vendor\\laravel\\framework\\src\\Illuminate\\Container\\BoundMethod.php(35): Illuminate\\Container\\BoundMethod::callBoundMethod()
#32 C:\\Users\\dhg04\\Desktop\\Hetvi\\Websites\\AFSWD Assignemnets\\318\\backend\\vendor\\laravel\\framework\\src\\Illuminate\\Container\\Container.php(696): Illuminate\\Container\\BoundMethod::call()
#33 C:\\Users\\dhg04\\Desktop\\Hetvi\\Websites\\AFSWD Assignemnets\\318\\backend\\vendor\\laravel\\framework\\src\\Illuminate\\Console\\Command.php(213): Illuminate\\Container\\Container->call()
#34 C:\\Users\\dhg04\\Desktop\\Hetvi\\Websites\\AFSWD Assignemnets\\318\\backend\\vendor\\symfony\\console\\Command\\Command.php(318): Illuminate\\Console\\Command->execute()
#35 C:\\Users\\dhg04\\Desktop\\Hetvi\\Websites\\AFSWD Assignemnets\\318\\backend\\vendor\\laravel\\framework\\src\\Illuminate\\Console\\Command.php(182): Symfony\\Component\\Console\\Command\\Command->run()
#36 C:\\Users\\dhg04\\Desktop\\Hetvi\\Websites\\AFSWD Assignemnets\\318\\backend\\vendor\\symfony\\console\\Application.php(1110): Illuminate\\Console\\Command->run()
#37 C:\\Users\\dhg04\\Desktop\\Hetvi\\Websites\\AFSWD Assignemnets\\318\\backend\\vendor\\symfony\\console\\Application.php(359): Symfony\\Component\\Console\\Application->doRunCommand()
#38 C:\\Users\\dhg04\\Desktop\\Hetvi\\Websites\\AFSWD Assignemnets\\318\\backend\\vendor\\symfony\\console\\Application.php(194): Symfony\\Component\\Console\\Application->doRun()
#39 C:\\Users\\dhg04\\Desktop\\Hetvi\\Websites\\AFSWD Assignemnets\\318\\backend\\vendor\\laravel\\framework\\src\\Illuminate\\Foundation\\Console\\Kernel.php(198): Symfony\\Component\\Console\\Application->run()
#40 C:\\Users\\dhg04\\Desktop\\Hetvi\\Websites\\AFSWD Assignemnets\\318\\backend\\artisan(35): Illuminate\\Foundation\\Console\\Kernel->handle()
#41 {main}
"} 
[2025-09-05 06:52:25] local.ERROR: The provided cwd "C:\Users\dhg04\Desktop\Hetvi\Websites\AFSWD Assignemnets\318\backend\public" does not exist. {"exception":"[object] (Symfony\\Component\\Process\\Exception\\RuntimeException(code: 0): The provided cwd \"C:\\Users\\dhg04\\Desktop\\Hetvi\\Websites\\AFSWD Assignemnets\\318\\backend\\public\" does not exist. at C:\\Users\\dhg04\\Desktop\\Hetvi\\Websites\\AFSWD Assignemnets\\318\\backend\\vendor\\symfony\\process\\Process.php:341)
[stacktrace]
#0 C:\\Users\\dhg04\\Desktop\\Hetvi\\Websites\\AFSWD Assignemnets\\318\\backend\\vendor\\laravel\\framework\\src\\Illuminate\\Foundation\\Console\\ServeCommand.php(190): Symfony\\Component\\Process\\Process->start()
#1 C:\\Users\\dhg04\\Desktop\\Hetvi\\Websites\\AFSWD Assignemnets\\318\\backend\\vendor\\laravel\\framework\\src\\Illuminate\\Foundation\\Console\\ServeCommand.php(129): Illuminate\\Foundation\\Console\\ServeCommand->startProcess()
#2 C:\\Users\\dhg04\\Desktop\\Hetvi\\Websites\\AFSWD Assignemnets\\318\\backend\\vendor\\laravel\\framework\\src\\Illuminate\\Container\\BoundMethod.php(36): Illuminate\\Foundation\\Console\\ServeCommand->handle()
#3 C:\\Users\\dhg04\\Desktop\\Hetvi\\Websites\\AFSWD Assignemnets\\318\\backend\\vendor\\laravel\\framework\\src\\Illuminate\\Container\\Util.php(43): Illuminate\\Container\\BoundMethod::Illuminate\\Container\\{closure}()
#4 C:\\Users\\dhg04\\Desktop\\Hetvi\\Websites\\AFSWD Assignemnets\\318\\backend\\vendor\\laravel\\framework\\src\\Illuminate\\Container\\BoundMethod.php(95): Illuminate\\Container\\Util::unwrapIfClosure()
#5 C:\\Users\\dhg04\\Desktop\\Hetvi\\Websites\\AFSWD Assignemnets\\318\\backend\\vendor\\laravel\\framework\\src\\Illuminate\\Container\\BoundMethod.php(35): Illuminate\\Container\\BoundMethod::callBoundMethod()
#6 C:\\Users\\dhg04\\Desktop\\Hetvi\\Websites\\AFSWD Assignemnets\\318\\backend\\vendor\\laravel\\framework\\src\\Illuminate\\Container\\Container.php(696): Illuminate\\Container\\BoundMethod::call()
#7 C:\\Users\\dhg04\\Desktop\\Hetvi\\Websites\\AFSWD Assignemnets\\318\\backend\\vendor\\laravel\\framework\\src\\Illuminate\\Console\\Command.php(213): Illuminate\\Container\\Container->call()
#8 C:\\Users\\dhg04\\Desktop\\Hetvi\\Websites\\AFSWD Assignemnets\\318\\backend\\vendor\\symfony\\console\\Command\\Command.php(318): Illuminate\\Console\\Command->execute()
#9 C:\\Users\\dhg04\\Desktop\\Hetvi\\Websites\\AFSWD Assignemnets\\318\\backend\\vendor\\laravel\\framework\\src\\Illuminate\\Console\\Command.php(182): Symfony\\Component\\Console\\Command\\Command->run()
#10 C:\\Users\\dhg04\\Desktop\\Hetvi\\Websites\\AFSWD Assignemnets\\318\\backend\\vendor\\symfony\\console\\Application.php(1110): Illuminate\\Console\\Command->run()
#11 C:\\Users\\dhg04\\Desktop\\Hetvi\\Websites\\AFSWD Assignemnets\\318\\backend\\vendor\\symfony\\console\\Application.php(359): Symfony\\Component\\Console\\Application->doRunCommand()
#12 C:\\Users\\dhg04\\Desktop\\Hetvi\\Websites\\AFSWD Assignemnets\\318\\backend\\vendor\\symfony\\console\\Application.php(194): Symfony\\Component\\Console\\Application->doRun()
#13 C:\\Users\\dhg04\\Desktop\\Hetvi\\Websites\\AFSWD Assignemnets\\318\\backend\\vendor\\laravel\\framework\\src\\Illuminate\\Foundation\\Console\\Kernel.php(198): Symfony\\Component\\Console\\Application->run()
#14 C:\\Users\\dhg04\\Desktop\\Hetvi\\Websites\\AFSWD Assignemnets\\318\\backend\\artisan(35): Illuminate\\Foundation\\Console\\Kernel->handle()
#15 {main}
"} 
[2025-09-05 06:57:24] production.ERROR: The provided cwd "C:\Users\dhg04\Desktop\Hetvi\Websites\AFSWD Assignemnets\318\backend\public" does not exist. {"exception":"[object] (Symfony\\Component\\Process\\Exception\\RuntimeException(code: 0): The provided cwd \"C:\\Users\\dhg04\\Desktop\\Hetvi\\Websites\\AFSWD Assignemnets\\318\\backend\\public\" does not exist. at C:\\Users\\dhg04\\Desktop\\Hetvi\\Websites\\AFSWD Assignemnets\\318\\backend\\vendor\\symfony\\process\\Process.php:341)
[stacktrace]
#0 C:\\Users\\dhg04\\Desktop\\Hetvi\\Websites\\AFSWD Assignemnets\\318\\backend\\vendor\\laravel\\framework\\src\\Illuminate\\Foundation\\Console\\ServeCommand.php(190): Symfony\\Component\\Process\\Process->start()
#1 C:\\Users\\dhg04\\Desktop\\Hetvi\\Websites\\AFSWD Assignemnets\\318\\backend\\vendor\\laravel\\framework\\src\\Illuminate\\Foundation\\Console\\ServeCommand.php(129): Illuminate\\Foundation\\Console\\ServeCommand->startProcess()
#2 C:\\Users\\dhg04\\Desktop\\Hetvi\\Websites\\AFSWD Assignemnets\\318\\backend\\vendor\\laravel\\framework\\src\\Illuminate\\Container\\BoundMethod.php(36): Illuminate\\Foundation\\Console\\ServeCommand->handle()
#3 C:\\Users\\dhg04\\Desktop\\Hetvi\\Websites\\AFSWD Assignemnets\\318\\backend\\vendor\\laravel\\framework\\src\\Illuminate\\Container\\Util.php(43): Illuminate\\Container\\BoundMethod::Illuminate\\Container\\{closure}()
#4 C:\\Users\\dhg04\\Desktop\\Hetvi\\Websites\\AFSWD Assignemnets\\318\\backend\\vendor\\laravel\\framework\\src\\Illuminate\\Container\\BoundMethod.php(95): Illuminate\\Container\\Util::unwrapIfClosure()
#5 C:\\Users\\dhg04\\Desktop\\Hetvi\\Websites\\AFSWD Assignemnets\\318\\backend\\vendor\\laravel\\framework\\src\\Illuminate\\Container\\BoundMethod.php(35): Illuminate\\Container\\BoundMethod::callBoundMethod()
#6 C:\\Users\\dhg04\\Desktop\\Hetvi\\Websites\\AFSWD Assignemnets\\318\\backend\\vendor\\laravel\\framework\\src\\Illuminate\\Container\\Container.php(696): Illuminate\\Container\\BoundMethod::call()
#7 C:\\Users\\dhg04\\Desktop\\Hetvi\\Websites\\AFSWD Assignemnets\\318\\backend\\vendor\\laravel\\framework\\src\\Illuminate\\Console\\Command.php(213): Illuminate\\Container\\Container->call()
#8 C:\\Users\\dhg04\\Desktop\\Hetvi\\Websites\\AFSWD Assignemnets\\318\\backend\\vendor\\symfony\\console\\Command\\Command.php(318): Illuminate\\Console\\Command->execute()
#9 C:\\Users\\dhg04\\Desktop\\Hetvi\\Websites\\AFSWD Assignemnets\\318\\backend\\vendor\\laravel\\framework\\src\\Illuminate\\Console\\Command.php(182): Symfony\\Component\\Console\\Command\\Command->run()
#10 C:\\Users\\dhg04\\Desktop\\Hetvi\\Websites\\AFSWD Assignemnets\\318\\backend\\vendor\\symfony\\console\\Application.php(1110): Illuminate\\Console\\Command->run()
#11 C:\\Users\\dhg04\\Desktop\\Hetvi\\Websites\\AFSWD Assignemnets\\318\\backend\\vendor\\symfony\\console\\Application.php(359): Symfony\\Component\\Console\\Application->doRunCommand()
#12 C:\\Users\\dhg04\\Desktop\\Hetvi\\Websites\\AFSWD Assignemnets\\318\\backend\\vendor\\symfony\\console\\Application.php(194): Symfony\\Component\\Console\\Application->doRun()
#13 C:\\Users\\dhg04\\Desktop\\Hetvi\\Websites\\AFSWD Assignemnets\\318\\backend\\vendor\\laravel\\framework\\src\\Illuminate\\Foundation\\Console\\Kernel.php(198): Symfony\\Component\\Console\\Application->run()
#14 C:\\Users\\dhg04\\Desktop\\Hetvi\\Websites\\AFSWD Assignemnets\\318\\backend\\artisan(35): Illuminate\\Foundation\\Console\\Kernel->handle()
#15 {main}
"} 
[2025-09-05 06:59:04] production.ERROR: The provided cwd "C:\Users\dhg04\Desktop\Hetvi\Websites\AFSWD Assignemnets\318\backend\public" does not exist. {"exception":"[object] (Symfony\\Component\\Process\\Exception\\RuntimeException(code: 0): The provided cwd \"C:\\Users\\dhg04\\Desktop\\Hetvi\\Websites\\AFSWD Assignemnets\\318\\backend\\public\" does not exist. at C:\\Users\\dhg04\\Desktop\\Hetvi\\Websites\\AFSWD Assignemnets\\318\\backend\\vendor\\symfony\\process\\Process.php:341)
[stacktrace]
#0 C:\\Users\\dhg04\\Desktop\\Hetvi\\Websites\\AFSWD Assignemnets\\318\\backend\\vendor\\laravel\\framework\\src\\Illuminate\\Foundation\\Console\\ServeCommand.php(190): Symfony\\Component\\Process\\Process->start()
#1 C:\\Users\\dhg04\\Desktop\\Hetvi\\Websites\\AFSWD Assignemnets\\318\\backend\\vendor\\laravel\\framework\\src\\Illuminate\\Foundation\\Console\\ServeCommand.php(129): Illuminate\\Foundation\\Console\\ServeCommand->startProcess()
#2 C:\\Users\\dhg04\\Desktop\\Hetvi\\Websites\\AFSWD Assignemnets\\318\\backend\\vendor\\laravel\\framework\\src\\Illuminate\\Container\\BoundMethod.php(36): Illuminate\\Foundation\\Console\\ServeCommand->handle()
#3 C:\\Users\\dhg04\\Desktop\\Hetvi\\Websites\\AFSWD Assignemnets\\318\\backend\\vendor\\laravel\\framework\\src\\Illuminate\\Container\\Util.php(43): Illuminate\\Container\\BoundMethod::Illuminate\\Container\\{closure}()
#4 C:\\Users\\dhg04\\Desktop\\Hetvi\\Websites\\AFSWD Assignemnets\\318\\backend\\vendor\\laravel\\framework\\src\\Illuminate\\Container\\BoundMethod.php(95): Illuminate\\Container\\Util::unwrapIfClosure()
#5 C:\\Users\\dhg04\\Desktop\\Hetvi\\Websites\\AFSWD Assignemnets\\318\\backend\\vendor\\laravel\\framework\\src\\Illuminate\\Container\\BoundMethod.php(35): Illuminate\\Container\\BoundMethod::callBoundMethod()
#6 C:\\Users\\dhg04\\Desktop\\Hetvi\\Websites\\AFSWD Assignemnets\\318\\backend\\vendor\\laravel\\framework\\src\\Illuminate\\Container\\Container.php(696): Illuminate\\Container\\BoundMethod::call()
#7 C:\\Users\\dhg04\\Desktop\\Hetvi\\Websites\\AFSWD Assignemnets\\318\\backend\\vendor\\laravel\\framework\\src\\Illuminate\\Console\\Command.php(213): Illuminate\\Container\\Container->call()
#8 C:\\Users\\dhg04\\Desktop\\Hetvi\\Websites\\AFSWD Assignemnets\\318\\backend\\vendor\\symfony\\console\\Command\\Command.php(318): Illuminate\\Console\\Command->execute()
#9 C:\\Users\\dhg04\\Desktop\\Hetvi\\Websites\\AFSWD Assignemnets\\318\\backend\\vendor\\laravel\\framework\\src\\Illuminate\\Console\\Command.php(182): Symfony\\Component\\Console\\Command\\Command->run()
#10 C:\\Users\\dhg04\\Desktop\\Hetvi\\Websites\\AFSWD Assignemnets\\318\\backend\\vendor\\symfony\\console\\Application.php(1110): Illuminate\\Console\\Command->run()
#11 C:\\Users\\dhg04\\Desktop\\Hetvi\\Websites\\AFSWD Assignemnets\\318\\backend\\vendor\\symfony\\console\\Application.php(359): Symfony\\Component\\Console\\Application->doRunCommand()
#12 C:\\Users\\dhg04\\Desktop\\Hetvi\\Websites\\AFSWD Assignemnets\\318\\backend\\vendor\\symfony\\console\\Application.php(194): Symfony\\Component\\Console\\Application->doRun()
#13 C:\\Users\\dhg04\\Desktop\\Hetvi\\Websites\\AFSWD Assignemnets\\318\\backend\\vendor\\laravel\\framework\\src\\Illuminate\\Foundation\\Console\\Kernel.php(198): Symfony\\Component\\Console\\Application->run()
#14 C:\\Users\\dhg04\\Desktop\\Hetvi\\Websites\\AFSWD Assignemnets\\318\\backend\\artisan(35): Illuminate\\Foundation\\Console\\Kernel->handle()
#15 {main}
"} 
